Using pre-set license
Built from '2020.3/staging' branch; Version is '2020.3.10f1 (297d780c91bc) revision 2719096'; Using compiler version '192528614'; Build Type 'Release'
OS: 'Windows 10 Home; OS build 19042.985; Version 2009; 64bit' Language: 'it' Physical Memory: 16234 MB
BatchMode: 1, IsHumanControllingUs: 0, StartBugReporterOnCrash: 0, Is64bit: 1, IsPro: 0

 COMMAND LINE ARGUMENTS:
C:\Program Files\2020.3.10f1\Editor\Unity.exe
-adb2
-batchMode
-noUpm
-name
AssetImportWorker0
-projectPath
D:/GITHUB_Repos/RAGTAG/NormCore__Ragtag_prj/NormCore_Ragtag_prj
-logFile
Logs/AssetImportWorker0.log
-srvPort
61871
Successfully changed project path to: D:/GITHUB_Repos/RAGTAG/NormCore__Ragtag_prj/NormCore_Ragtag_prj
D:/GITHUB_Repos/RAGTAG/NormCore__Ragtag_prj/NormCore_Ragtag_prj
Using Asset Import Pipeline V2.
Refreshing native plugins compatible for Editor in 28.74 ms, found 3 plugins.
Preloading 0 native plugins for Editor in 0.00 ms.
Initialize engine version: 2020.3.10f1 (297d780c91bc)
[Subsystems] Discovering subsystems at path C:/Program Files/2020.3.10f1/Editor/Data/Resources/UnitySubsystems
[Subsystems] Discovering subsystems at path D:/GITHUB_Repos/RAGTAG/NormCore__Ragtag_prj/NormCore_Ragtag_prj/Assets
GfxDevice: creating device client; threaded=0
Direct3D:
    Version:  Direct3D 11.0 [level 11.1]
    Renderer: NVIDIA GeForce GTX 1050 Ti (ID=0x1c8c)
    Vendor:   
    VRAM:     4018 MB
    Driver:   27.21.14.5167
Initialize mono
Mono path[0] = 'C:/Program Files/2020.3.10f1/Editor/Data/Managed'
Mono path[1] = 'C:/Program Files/2020.3.10f1/Editor/Data/MonoBleedingEdge/lib/mono/unityjit'
Mono config path = 'C:/Program Files/2020.3.10f1/Editor/Data/MonoBleedingEdge/etc'
Using monoOptions --debugger-agent=transport=dt_socket,embedding=1,server=y,suspend=n,address=127.0.0.1:56980
Begin MonoManager ReloadAssembly
Registering precompiled unity dll's ...
Register platform support module: C:/Program Files/2020.3.10f1/Editor/Data/PlaybackEngines/WebGLSupport/UnityEditor.WebGL.Extensions.dll
Register platform support module: C:/Program Files/2020.3.10f1/Editor/Data/PlaybackEngines/WindowsStandaloneSupport/UnityEditor.WindowsStandalone.Extensions.dll
Registered in 0.002071 seconds.
Native extension for WindowsStandalone target not found
Native extension for WebGL target not found
Refreshing native plugins compatible for Editor in 29.62 ms, found 3 plugins.
Preloading 0 native plugins for Editor in 0.00 ms.
Mono: successfully reloaded assembly
- Completed reload, in  1.782 seconds
Platform modules already initialized, skipping
Registering precompiled user dll's ...
Registered in 0.003918 seconds.
Begin MonoManager ReloadAssembly
Native extension for WindowsStandalone target not found
Native extension for WebGL target not found
Refreshing native plugins compatible for Editor in 0.36 ms, found 3 plugins.
Preloading 0 native plugins for Editor in 0.00 ms.
Mono: successfully reloaded assembly
- Completed reload, in  0.994 seconds
Platform modules already initialized, skipping
========================================================================
Worker process is ready to serve import requests
Launched and connected shader compiler UnityShaderCompiler.exe after 0.04 seconds
Refreshing native plugins compatible for Editor in 0.42 ms, found 3 plugins.
Preloading 0 native plugins for Editor in 0.00 ms.
Unloading 1425 Unused Serialized files (Serialized files now loaded: 0)
System memory in use before: 67.5 MB.
System memory in use after: 67.5 MB.

Unloading 30 unused Assets to reduce memory usage. Loaded Objects now: 1889.
Total: 2.144700 ms (FindLiveObjects: 0.155200 ms CreateObjectMapping: 0.046900 ms MarkObjects: 1.857000 ms  DeleteObjects: 0.084700 ms)

========================================================================
Received Import Request.
  path: Assets/Normal
  artifactKey: Guid(4aec84bc8498a4e499a4587e128c7edb) Importer(815301076,1909f56bfc062723c751e8b465ee728b)
Start importing Assets/Normal using Guid(4aec84bc8498a4e499a4587e128c7edb) Importer(815301076,1909f56bfc062723c751e8b465ee728b)  -> (artifact id: 'e15655bba9c6e9826ec1dfb6bdd3f6e7') in 0.008018 seconds
  Import took 0.010346 seconds .

========================================================================
Received Import Request.
  Time since last request: 0.000280 seconds.
  path: Assets/Normal/Examples
  artifactKey: Guid(84ed3cf3c8e7fb94a8d4b1f10be07119) Importer(815301076,1909f56bfc062723c751e8b465ee728b)
Start importing Assets/Normal/Examples using Guid(84ed3cf3c8e7fb94a8d4b1f10be07119) Importer(815301076,1909f56bfc062723c751e8b465ee728b)  -> (artifact id: '6f209cd23c94c6d5c65334110f0802f9') in 0.008071 seconds
  Import took 0.010848 seconds .

========================================================================
Received Import Request.
  Time since last request: 0.710454 seconds.
  path: Assets/Normal/Examples/Cube Player
  artifactKey: Guid(a44255efa4fdc0747909065bd30d0872) Importer(815301076,1909f56bfc062723c751e8b465ee728b)
Start importing Assets/Normal/Examples/Cube Player using Guid(a44255efa4fdc0747909065bd30d0872) Importer(815301076,1909f56bfc062723c751e8b465ee728b)  -> (artifact id: '540b4427f6c6373db20490be85906f1a') in 0.007699 seconds
  Import took 0.009996 seconds .

========================================================================
Received Import Request.
  Time since last request: 0.044953 seconds.
  path: Assets/Normal/Examples/Cube Player/Realtime + Cube Player.prefab
  artifactKey: Guid(cec929e6874b9f34a8ff954244b7e748) Importer(815301076,1909f56bfc062723c751e8b465ee728b)
Start importing Assets/Normal/Examples/Cube Player/Realtime + Cube Player.prefab using Guid(cec929e6874b9f34a8ff954244b7e748) Importer(815301076,1909f56bfc062723c751e8b465ee728b)  -> (artifact id: 'b82bacd0df0631f4fba9a6a3e752bd2d') in 0.056405 seconds
  Import took 0.058836 seconds .

